<?xml version="1.0" encoding="UTF-8"?>
<!-- Generated by org.testng.reporters.JUnitReportReporter -->
<testsuite skipped="0" hostname="YORAM" name="com.webdriver.framework.test123Test" tests="1" failures="0" timestamp="04 Nov 2019 13:10:39 GMT" time="2.375" errors="1">
  <testcase name="testTest" time="2.375" classname="com.webdriver.framework.test123Test">
    <error type="org.openqa.selenium.SessionNotCreatedException" message="session not created: This version of ChromeDriver only supports Chrome version 76
Build info: version: &#039;3.14.0&#039;, revision: &#039;aacccce0&#039;, time: &#039;2018-08-02T20:19:58.91Z&#039;
System info: host: &#039;YORAM&#039;, ip: &#039;10.0.3.100&#039;, os.name: &#039;Windows 7&#039;, os.arch: &#039;amd64&#039;, os.version: &#039;6.1&#039;, java.version: &#039;1.8.0_221&#039;
Driver info: driver.version: ChromeDriver
remote stacktrace: Backtrace:
	Ordinal0 [0x013D7C53+1473619]
	Ordinal0 [0x0135AD71+961905]
	Ordinal0 [0x012E42B3+475827]
	Ordinal0 [0x0127F365+62309]
	Ordinal0 [0x0127BC77+48247]
	Ordinal0 [0x01299149+168265]
	Ordinal0 [0x01298D1D+167197]
	Ordinal0 [0x0129742B+160811]
	Ordinal0 [0x01280AE6+68326]
	Ordinal0 [0x01281BF0+72688]
	Ordinal0 [0x01281B89+72585]
	Ordinal0 [0x01374B37+1067831]
	GetHandleVerifier [0x01476845+506677]
	GetHandleVerifier [0x014765E0+506064]
	GetHandleVerifier [0x0147D188+533624]
	GetHandleVerifier [0x0147701A+508682]
	Ordinal0 [0x0136C226+1032742]
	Ordinal0 [0x0136C09F+1032351]
	Ordinal0 [0x01376A4B+1075787]
	Ordinal0 [0x01376BB3+1076147]
	Ordinal0 [0x01375B65+1071973]
	BaseThreadInitThunk [0x773A343D+18]
	RtlInitializeExceptionChain [0x77B09802+99]
	RtlInitializeExceptionChain [0x77B097D5+54]
">
      <![CDATA[org.openqa.selenium.SessionNotCreatedException: session not created: This version of ChromeDriver only supports Chrome version 76
Build info: version: '3.14.0', revision: 'aacccce0', time: '2018-08-02T20:19:58.91Z'
System info: host: 'YORAM', ip: '10.0.3.100', os.name: 'Windows 7', os.arch: 'amd64', os.version: '6.1', java.version: '1.8.0_221'
Driver info: driver.version: ChromeDriver
remote stacktrace: Backtrace:
Ordinal0 [0x013D7C53+1473619]
Ordinal0 [0x0135AD71+961905]
Ordinal0 [0x012E42B3+475827]
Ordinal0 [0x0127F365+62309]
Ordinal0 [0x0127BC77+48247]
Ordinal0 [0x01299149+168265]
Ordinal0 [0x01298D1D+167197]
Ordinal0 [0x0129742B+160811]
Ordinal0 [0x01280AE6+68326]
Ordinal0 [0x01281BF0+72688]
Ordinal0 [0x01281B89+72585]
Ordinal0 [0x01374B37+1067831]
GetHandleVerifier [0x01476845+506677]
GetHandleVerifier [0x014765E0+506064]
GetHandleVerifier [0x0147D188+533624]
GetHandleVerifier [0x0147701A+508682]
Ordinal0 [0x0136C226+1032742]
Ordinal0 [0x0136C09F+1032351]
Ordinal0 [0x01376A4B+1075787]
Ordinal0 [0x01376BB3+1076147]
Ordinal0 [0x01375B65+1071973]
BaseThreadInitThunk [0x773A343D+18]
RtlInitializeExceptionChain [0x77B09802+99]
RtlInitializeExceptionChain [0x77B097D5+54]

at sun.reflect.NativeConstructorAccessorImpl.newInstance0(Native Method)
at sun.reflect.NativeConstructorAccessorImpl.newInstance(Unknown Source)
at sun.reflect.DelegatingConstructorAccessorImpl.newInstance(Unknown Source)
at java.lang.reflect.Constructor.newInstance(Unknown Source)
at org.openqa.selenium.remote.W3CHandshakeResponse.lambda$new$0(W3CHandshakeResponse.java:57)
at org.openqa.selenium.remote.W3CHandshakeResponse.lambda$getResponseFunction$2(W3CHandshakeResponse.java:104)
at org.openqa.selenium.remote.ProtocolHandshake.lambda$createSession$0(ProtocolHandshake.java:122)
at java.util.stream.ReferencePipeline$3$1.accept(Unknown Source)
at java.util.Spliterators$ArraySpliterator.tryAdvance(Unknown Source)
at java.util.stream.ReferencePipeline.forEachWithCancel(Unknown Source)
at java.util.stream.AbstractPipeline.copyIntoWithCancel(Unknown Source)
at java.util.stream.AbstractPipeline.copyInto(Unknown Source)
at java.util.stream.AbstractPipeline.wrapAndCopyInto(Unknown Source)
at java.util.stream.FindOps$FindOp.evaluateSequential(Unknown Source)
at java.util.stream.AbstractPipeline.evaluate(Unknown Source)
at java.util.stream.ReferencePipeline.findFirst(Unknown Source)
at org.openqa.selenium.remote.ProtocolHandshake.createSession(ProtocolHandshake.java:125)
at org.openqa.selenium.remote.ProtocolHandshake.createSession(ProtocolHandshake.java:73)
at org.openqa.selenium.remote.HttpCommandExecutor.execute(HttpCommandExecutor.java:136)
at org.openqa.selenium.remote.service.DriverCommandExecutor.execute(DriverCommandExecutor.java:83)
at org.openqa.selenium.remote.RemoteWebDriver.execute(RemoteWebDriver.java:548)
at org.openqa.selenium.remote.RemoteWebDriver.startSession(RemoteWebDriver.java:212)
at org.openqa.selenium.remote.RemoteWebDriver.<init>(RemoteWebDriver.java:130)
at org.openqa.selenium.chrome.ChromeDriver.<init>(ChromeDriver.java:181)
at org.openqa.selenium.chrome.ChromeDriver.<init>(ChromeDriver.java:168)
at org.openqa.selenium.chrome.ChromeDriver.<init>(ChromeDriver.java:123)
at com.webdriver.framework.test123Test.testTest(test123Test.java:16)
at sun.reflect.NativeMethodAccessorImpl.invoke0(Native Method)
at sun.reflect.NativeMethodAccessorImpl.invoke(Unknown Source)
at sun.reflect.DelegatingMethodAccessorImpl.invoke(Unknown Source)
at java.lang.reflect.Method.invoke(Unknown Source)
at org.testng.internal.MethodInvocationHelper.invokeMethod(MethodInvocationHelper.java:124)
at org.testng.internal.Invoker.invokeMethod(Invoker.java:583)
at org.testng.internal.Invoker.invokeTestMethod(Invoker.java:719)
at org.testng.internal.Invoker.invokeTestMethods(Invoker.java:989)
at org.testng.internal.TestMethodWorker.invokeTestMethods(TestMethodWorker.java:125)
at org.testng.internal.TestMethodWorker.run(TestMethodWorker.java:109)
at org.testng.TestRunner.privateRun(TestRunner.java:648)
at org.testng.TestRunner.run(TestRunner.java:505)
at org.testng.SuiteRunner.runTest(SuiteRunner.java:455)
at org.testng.SuiteRunner.runSequentially(SuiteRunner.java:450)
at org.testng.SuiteRunner.privateRun(SuiteRunner.java:415)
at org.testng.SuiteRunner.run(SuiteRunner.java:364)
at org.testng.SuiteRunnerWorker.runSuite(SuiteRunnerWorker.java:52)
at org.testng.SuiteRunnerWorker.run(SuiteRunnerWorker.java:84)
at org.testng.TestNG.runSuitesSequentially(TestNG.java:1208)
at org.testng.TestNG.runSuitesLocally(TestNG.java:1137)
at org.testng.TestNG.runSuites(TestNG.java:1049)
at org.testng.TestNG.run(TestNG.java:1017)
at org.testng.remote.AbstractRemoteTestNG.run(AbstractRemoteTestNG.java:115)
at org.testng.remote.RemoteTestNG.initAndRun(RemoteTestNG.java:251)
at org.testng.remote.RemoteTestNG.main(RemoteTestNG.java:77)
]]>
    </error>
  </testcase> <!-- testTest -->
</testsuite> <!-- com.webdriver.framework.test123Test -->
