<html>
<head>
<title>TestNG:  Test1</title>
<link href="../testng.css" rel="stylesheet" type="text/css" />
<link href="../my-testng.css" rel="stylesheet" type="text/css" />

<style type="text/css">
.log { display: none;} 
.stack-trace { display: none;} 
</style>
<script type="text/javascript">
<!--
function flip(e) {
  current = e.style.display;
  if (current == 'block') {
    e.style.display = 'none';
    return 0;
  }
  else {
    e.style.display = 'block';
    return 1;
  }
}

function toggleBox(szDivId, elem, msg1, msg2)
{
  var res = -1;  if (document.getElementById) {
    res = flip(document.getElementById(szDivId));
  }
  else if (document.all) {
    // this is the way old msie versions work
    res = flip(document.all[szDivId]);
  }
  if(elem) {
    if(res == 0) elem.innerHTML = msg1; else elem.innerHTML = msg2;
  }

}

function toggleAllBoxes() {
  if (document.getElementsByTagName) {
    d = document.getElementsByTagName('div');
    for (i = 0; i < d.length; i++) {
      if (d[i].className == 'log') {
        flip(d[i]);
      }
    }
  }
}

// -->
</script>

</head>
<body>
<h2 align='center'>Test1</h2><table border='1' align="center">
<tr>
<td>Tests passed/Failed/Skipped:</td><td>0/1/0</td>
</tr><tr>
<td>Started on:</td><td>Wed Nov 06 14:26:02 IST 2019</td>
</tr>
<tr><td>Total time:</td><td>16 seconds (16677 ms)</td>
</tr><tr>
<td>Included groups:</td><td></td>
</tr><tr>
<td>Excluded groups:</td><td></td>
</tr>
</table><p/>
<small><i>(Hover the method name to see the test class name)</i></small><p/>
<table width='100%' border='1' class='invocation-failed'>
<tr><td colspan='4' align='center'><b>FAILED TESTS</b></td></tr>
<tr><td><b>Test method</b></td>
<td width="30%"><b>Exception</b></td>
<td width="10%"><b>Time (seconds)</b></td>
<td><b>Instance</b></td>
</tr>
<tr>
<td title='com.webdriver.framework.TestRunner.TestRunner()'><b>TestRunner</b><br>Test class: com.webdriver.framework.TestRunner<br>Parameters: 11, Sanity</td>
<td><div><pre>org.openqa.selenium.SessionNotCreatedException: session not created
from disconnected: received Inspector.detached event
  (Session info: chrome=78.0.3904.70)
Build info: version: &apos;3.14.0&apos;, revision: &apos;aacccce0&apos;, time: &apos;2018-08-02T20:19:58.91Z&apos;
System info: host: &apos;YORAM&apos;, ip: &apos;10.0.3.100&apos;, os.name: &apos;Windows 7&apos;, os.arch: &apos;amd64&apos;, os.version: &apos;6.1&apos;, java.version: &apos;1.8.0_221&apos;
Driver info: driver.version: ChromeDriver
remote stacktrace: Backtrace:
	Ordinal0 [0x004EA903+1550595]
	Ordinal0 [0x0046A701+1025793]
	Ordinal0 [0x003EC6E5+509669]
	Ordinal0 [0x003E5229+479785]
	Ordinal0 [0x003E4DFA+478714]
	Ordinal0 [0x003E4878+477304]
	Ordinal0 [0x003E3FEA+475114]
	Ordinal0 [0x003E4105+475397]
	Ordinal0 [0x003E3BB5+474037]
	Ordinal0 [0x003EB445+504901]
	Ordinal0 [0x003E3B68+473960]
	Ordinal0 [0x003E451B+476443]
	Ordinal0 [0x003E3FEA+475114]
	Ordinal0 [0x003E4105+475397]
	Ordinal0 [0x003E3BB5+474037]
	Ordinal0 [0x003E9D8E+499086]
	Ordinal0 [0x003E3B68+473960]
	Ordinal0 [0x003E451B+476443]
	Ordinal0 [0x003E3FEA+475114]
	Ordinal0 [0x003E4105+475397]
	Ordinal0 [0x003E3BB5+474037]
	Ordinal0 [0x003E860D+493069]
	Ordinal0 [0x003E3B68+473960]
	Ordinal0 [0x003E451B+476443]
	Ordinal0 [0x003E3FEA+475114]
	Ordinal0 [0x003E4105+475397]
	Ordinal0 [0x003E3BB5+474037]
	Ordinal0 [0x003E7CC7+490695]
	Ordinal0 [0x003E3B68+473960]
	Ordinal0 [0x003E451B+476443]
	Ordinal0 [0x003E3FEA+475114]
	Ordinal0 [0x003E4105+475397]
	Ordinal0 [0x003E3BB5+474037]
	Ordinal0 [0x003E07AC+460716]
	Ordinal0 [0x003E3B68+473960]
	Ordinal0 [0x003E3A44+473668]
	Ordinal0 [0x003ED330+512816]
	Ordinal0 [0x0039B649+177737]
	Ordinal0 [0x0039A8ED+174317]
	Ordinal0 [0x00398CDB+167131]
	Ordinal0 [0x0038144A+70730]
	Ordinal0 [0x003824D0+74960]
	Ordinal0 [0x00382469+74857]
	Ordinal0 [0x004842C7+1131207]
	GetHandleVerifier [0x005870FD+523789]
	GetHandleVerifier [0x00586E90+523168]
	GetHandleVerifier [0x0058E1E7+552695]
	GetHandleVerifier [0x005878FA+525834]
	Ordinal0 [0x0047B7FC+1095676]
	Ordinal0 [0x0048633B+1139515]
	Ordinal0 [0x004864A3+1139875]
	Ordinal0 [0x00485425+1135653]
	BaseThreadInitThunk [0x773A343D+18]
	RtlInitializeExceptionChain [0x77B09802+99]
	RtlInitializeExceptionChain [0x77B097D5+54]

	at org.openqa.selenium.remote.W3CHandshakeResponse.lambda$new$0(W3CHandshakeResponse.java:57)
	at org.openqa.selenium.remote.W3CHandshakeResponse.lambda$getResponseFunction$2(W3CHandshakeResponse.java:104)
	at org.openqa.selenium.remote.ProtocolHandshake.lambda$createSession$0(ProtocolHandshake.java:122)
	at java.util.stream.ReferencePipeline$3$1.accept(Unknown Source)
	at java.util.Spliterators$ArraySpliterator.tryAdvance(Unknown Source)
	at java.util.stream.ReferencePipeline.forEachWithCancel(Unknown Source)
	at java.util.stream.AbstractPipeline.copyIntoWithCancel(Unknown Source)
	at java.util.stream.AbstractPipeline.copyInto(Unknown Source)
	at java.util.stream.AbstractPipeline.wrapAndCopyInto(Unknown Source)
	at java.util.stream.FindOps$FindOp.evaluateSequential(Unknown Source)
	at java.util.stream.AbstractPipeline.evaluate(Unknown Source)
	at java.util.stream.ReferencePipeline.findFirst(Unknown Source)
	at org.openqa.selenium.remote.ProtocolHandshake.createSession(ProtocolHandshake.java:125)
	at org.openqa.selenium.remote.ProtocolHandshake.createSession(ProtocolHandshake.java:73)
	at org.openqa.selenium.remote.HttpCommandExecutor.execute(HttpCommandExecutor.java:136)
	at org.openqa.selenium.remote.service.DriverCommandExecutor.execute(DriverCommandExecutor.java:83)
	at org.openqa.selenium.remote.RemoteWebDriver.execute(RemoteWebDriver.java:548)
	at org.openqa.selenium.remote.RemoteWebDriver.startSession(RemoteWebDriver.java:212)
	at org.openqa.selenium.remote.RemoteWebDriver.&lt;init&gt;(RemoteWebDriver.java:130)
	at org.openqa.selenium.chrome.ChromeDriver.&lt;init&gt;(ChromeDriver.java:181)
	at org.openqa.selenium.chrome.ChromeDriver.&lt;init&gt;(ChromeDriver.java:168)
	at org.openqa.selenium.chrome.ChromeDriver.&lt;init&gt;(ChromeDriver.java:123)
	at com.patrick.testcases.funcA.execute(funcA.java:30)
	at com.webdriver.framework.TestRunner.execute_Actions(TestRunner.java:86)
	at com.webdriver.framework.TestRunner.TestRunner(TestRunner.java:56)
	at java.util.concurrent.FutureTask.run(Unknown Source)
	at java.util.concurrent.ThreadPoolExecutor.runWorker(Unknown Source)
	at java.util.concurrent.ThreadPoolExecutor$Worker.run(Unknown Source)
	at java.lang.Thread.run(Unknown Source)
... Removed 20 stack frames</pre></div><a href='#' onClick='toggleBox("stack-trace1224781670", this, "Click to show all stack frames", "Click to hide stack frames")'>Click to show all stack frames</a>
<div class='stack-trace' id='stack-trace1224781670'><pre>org.openqa.selenium.SessionNotCreatedException: session not created
from disconnected: received Inspector.detached event
  (Session info: chrome=78.0.3904.70)
Build info: version: &apos;3.14.0&apos;, revision: &apos;aacccce0&apos;, time: &apos;2018-08-02T20:19:58.91Z&apos;
System info: host: &apos;YORAM&apos;, ip: &apos;10.0.3.100&apos;, os.name: &apos;Windows 7&apos;, os.arch: &apos;amd64&apos;, os.version: &apos;6.1&apos;, java.version: &apos;1.8.0_221&apos;
Driver info: driver.version: ChromeDriver
remote stacktrace: Backtrace:
	Ordinal0 [0x004EA903+1550595]
	Ordinal0 [0x0046A701+1025793]
	Ordinal0 [0x003EC6E5+509669]
	Ordinal0 [0x003E5229+479785]
	Ordinal0 [0x003E4DFA+478714]
	Ordinal0 [0x003E4878+477304]
	Ordinal0 [0x003E3FEA+475114]
	Ordinal0 [0x003E4105+475397]
	Ordinal0 [0x003E3BB5+474037]
	Ordinal0 [0x003EB445+504901]
	Ordinal0 [0x003E3B68+473960]
	Ordinal0 [0x003E451B+476443]
	Ordinal0 [0x003E3FEA+475114]
	Ordinal0 [0x003E4105+475397]
	Ordinal0 [0x003E3BB5+474037]
	Ordinal0 [0x003E9D8E+499086]
	Ordinal0 [0x003E3B68+473960]
	Ordinal0 [0x003E451B+476443]
	Ordinal0 [0x003E3FEA+475114]
	Ordinal0 [0x003E4105+475397]
	Ordinal0 [0x003E3BB5+474037]
	Ordinal0 [0x003E860D+493069]
	Ordinal0 [0x003E3B68+473960]
	Ordinal0 [0x003E451B+476443]
	Ordinal0 [0x003E3FEA+475114]
	Ordinal0 [0x003E4105+475397]
	Ordinal0 [0x003E3BB5+474037]
	Ordinal0 [0x003E7CC7+490695]
	Ordinal0 [0x003E3B68+473960]
	Ordinal0 [0x003E451B+476443]
	Ordinal0 [0x003E3FEA+475114]
	Ordinal0 [0x003E4105+475397]
	Ordinal0 [0x003E3BB5+474037]
	Ordinal0 [0x003E07AC+460716]
	Ordinal0 [0x003E3B68+473960]
	Ordinal0 [0x003E3A44+473668]
	Ordinal0 [0x003ED330+512816]
	Ordinal0 [0x0039B649+177737]
	Ordinal0 [0x0039A8ED+174317]
	Ordinal0 [0x00398CDB+167131]
	Ordinal0 [0x0038144A+70730]
	Ordinal0 [0x003824D0+74960]
	Ordinal0 [0x00382469+74857]
	Ordinal0 [0x004842C7+1131207]
	GetHandleVerifier [0x005870FD+523789]
	GetHandleVerifier [0x00586E90+523168]
	GetHandleVerifier [0x0058E1E7+552695]
	GetHandleVerifier [0x005878FA+525834]
	Ordinal0 [0x0047B7FC+1095676]
	Ordinal0 [0x0048633B+1139515]
	Ordinal0 [0x004864A3+1139875]
	Ordinal0 [0x00485425+1135653]
	BaseThreadInitThunk [0x773A343D+18]
	RtlInitializeExceptionChain [0x77B09802+99]
	RtlInitializeExceptionChain [0x77B097D5+54]

	at sun.reflect.NativeConstructorAccessorImpl.newInstance0(Native Method)
	at sun.reflect.NativeConstructorAccessorImpl.newInstance(Unknown Source)
	at sun.reflect.DelegatingConstructorAccessorImpl.newInstance(Unknown Source)
	at java.lang.reflect.Constructor.newInstance(Unknown Source)
	at org.openqa.selenium.remote.W3CHandshakeResponse.lambda$new$0(W3CHandshakeResponse.java:57)
	at org.openqa.selenium.remote.W3CHandshakeResponse.lambda$getResponseFunction$2(W3CHandshakeResponse.java:104)
	at org.openqa.selenium.remote.ProtocolHandshake.lambda$createSession$0(ProtocolHandshake.java:122)
	at java.util.stream.ReferencePipeline$3$1.accept(Unknown Source)
	at java.util.Spliterators$ArraySpliterator.tryAdvance(Unknown Source)
	at java.util.stream.ReferencePipeline.forEachWithCancel(Unknown Source)
	at java.util.stream.AbstractPipeline.copyIntoWithCancel(Unknown Source)
	at java.util.stream.AbstractPipeline.copyInto(Unknown Source)
	at java.util.stream.AbstractPipeline.wrapAndCopyInto(Unknown Source)
	at java.util.stream.FindOps$FindOp.evaluateSequential(Unknown Source)
	at java.util.stream.AbstractPipeline.evaluate(Unknown Source)
	at java.util.stream.ReferencePipeline.findFirst(Unknown Source)
	at org.openqa.selenium.remote.ProtocolHandshake.createSession(ProtocolHandshake.java:125)
	at org.openqa.selenium.remote.ProtocolHandshake.createSession(ProtocolHandshake.java:73)
	at org.openqa.selenium.remote.HttpCommandExecutor.execute(HttpCommandExecutor.java:136)
	at org.openqa.selenium.remote.service.DriverCommandExecutor.execute(DriverCommandExecutor.java:83)
	at org.openqa.selenium.remote.RemoteWebDriver.execute(RemoteWebDriver.java:548)
	at org.openqa.selenium.remote.RemoteWebDriver.startSession(RemoteWebDriver.java:212)
	at org.openqa.selenium.remote.RemoteWebDriver.&lt;init&gt;(RemoteWebDriver.java:130)
	at org.openqa.selenium.chrome.ChromeDriver.&lt;init&gt;(ChromeDriver.java:181)
	at org.openqa.selenium.chrome.ChromeDriver.&lt;init&gt;(ChromeDriver.java:168)
	at org.openqa.selenium.chrome.ChromeDriver.&lt;init&gt;(ChromeDriver.java:123)
	at com.patrick.testcases.funcA.execute(funcA.java:30)
	at com.webdriver.framework.TestRunner.execute_Actions(TestRunner.java:86)
	at com.webdriver.framework.TestRunner.TestRunner(TestRunner.java:56)
	at sun.reflect.NativeMethodAccessorImpl.invoke0(Native Method)
	at sun.reflect.NativeMethodAccessorImpl.invoke(Unknown Source)
	at sun.reflect.DelegatingMethodAccessorImpl.invoke(Unknown Source)
	at java.lang.reflect.Method.invoke(Unknown Source)
	at org.testng.internal.MethodInvocationHelper.invokeMethod(MethodInvocationHelper.java:124)
	at org.testng.internal.Invoker.invokeMethod(Invoker.java:583)
	at org.testng.internal.Invoker.invokeTestMethod(Invoker.java:719)
	at org.testng.internal.Invoker.invokeTestMethods(Invoker.java:989)
	at org.testng.internal.TestMethodWorker.invokeTestMethods(TestMethodWorker.java:125)
	at org.testng.internal.TestMethodWorker.run(TestMethodWorker.java:109)
	at org.testng.TestRunner.privateRun(TestRunner.java:648)
	at org.testng.TestRunner.run(TestRunner.java:505)
	at org.testng.SuiteRunner.runTest(SuiteRunner.java:455)
	at org.testng.SuiteRunner.access$000(SuiteRunner.java:40)
	at org.testng.SuiteRunner$SuiteWorker.run(SuiteRunner.java:489)
	at org.testng.internal.thread.ThreadUtil$1.call(ThreadUtil.java:52)
	at java.util.concurrent.FutureTask.run(Unknown Source)
	at java.util.concurrent.ThreadPoolExecutor.runWorker(Unknown Source)
	at java.util.concurrent.ThreadPoolExecutor$Worker.run(Unknown Source)
	at java.lang.Thread.run(Unknown Source)
</pre></div></td>
<td>16</td>
<td>com.webdriver.framework.TestRunner@6d4b1c02</td></tr>
</table><p>
</body>
</html>