<?xml version="1.0" encoding="UTF-8"?>
<!-- Generated by org.testng.reporters.JUnitXMLReporter -->
<testsuite hostname="YORAM" ignored="0" name="Test1" tests="1" failures="1" timestamp="05 Nov 2019 08:50:57 GMT" time="18.398" errors="0">
  <testcase name="TestRunner" time="18.373" classname="com.webdriver.framework.TestRunner">
    <failure type="org.openqa.selenium.TimeoutException" message="Expected condition failed: waiting for com.patrick.utils.JSWaiter$$Lambda$214/1125031429@50d00476 (tried for 10 second(s) with 500 milliseconds interval)
Build info: version: &amp;apos;3.14.0&amp;apos;, revision: &amp;apos;aacccce0&amp;apos;, time: &amp;apos;2018-08-02T20:19:58.91Z&amp;apos;
System info: host: &amp;apos;YORAM&amp;apos;, ip: &amp;apos;10.0.3.100&amp;apos;, os.name: &amp;apos;Windows 7&amp;apos;, os.arch: &amp;apos;amd64&amp;apos;, os.version: &amp;apos;6.1&amp;apos;, java.version: &amp;apos;1.8.0_221&amp;apos;
Driver info: org.openqa.selenium.chrome.ChromeDriver
Capabilities {acceptInsecureCerts: false, browserName: chrome, browserVersion: 78.0.3904.70, chrome: {chromedriverVersion: 78.0.3904.70 (edb9c9f3de024..., userDataDir: C:\Users\yoramv\AppData\Loc...}, goog:chromeOptions: {debuggerAddress: localhost:63926}, javascriptEnabled: true, networkConnectionEnabled: false, pageLoadStrategy: normal, platform: XP, platformName: XP, proxy: Proxy(), setWindowRect: true, strictFileInteractability: false, timeouts: {implicit: 0, pageLoad: 300000, script: 30000}, unhandledPromptBehavior: dismiss and notify}
Session ID: be9f7cbc6ab0b670f93557a8bbd89cd7">
      <![CDATA[org.openqa.selenium.TimeoutException: Expected condition failed: waiting for com.patrick.utils.JSWaiter$$Lambda$214/1125031429@50d00476 (tried for 10 second(s) with 500 milliseconds interval)
Build info: version: '3.14.0', revision: 'aacccce0', time: '2018-08-02T20:19:58.91Z'
System info: host: 'YORAM', ip: '10.0.3.100', os.name: 'Windows 7', os.arch: 'amd64', os.version: '6.1', java.version: '1.8.0_221'
Driver info: org.openqa.selenium.chrome.ChromeDriver
Capabilities {acceptInsecureCerts: false, browserName: chrome, browserVersion: 78.0.3904.70, chrome: {chromedriverVersion: 78.0.3904.70 (edb9c9f3de024..., userDataDir: C:\Users\yoramv\AppData\Loc...}, goog:chromeOptions: {debuggerAddress: localhost:63926}, javascriptEnabled: true, networkConnectionEnabled: false, pageLoadStrategy: normal, platform: XP, platformName: XP, proxy: Proxy(), setWindowRect: true, strictFileInteractability: false, timeouts: {implicit: 0, pageLoad: 300000, script: 30000}, unhandledPromptBehavior: dismiss and notify}
Session ID: be9f7cbc6ab0b670f93557a8bbd89cd7
at org.openqa.selenium.support.ui.WebDriverWait.timeoutException(WebDriverWait.java:113)
at org.openqa.selenium.support.ui.FluentWait.until(FluentWait.java:283)
at com.patrick.utils.JSWaiter.waitForJQueryLoad(JSWaiter.java:36)
at com.patrick.utils.JSWaiter.waitUntilJQueryReady(JSWaiter.java:99)
at com.patrick.testcases.funcA.execute(funcA.java:37)
at com.webdriver.framework.TestRunner.execute_Actions(TestRunner.java:86)
at com.webdriver.framework.TestRunner.TestRunner(TestRunner.java:56)
at java.util.concurrent.FutureTask.run(Unknown Source)
at java.util.concurrent.ThreadPoolExecutor.runWorker(Unknown Source)
at java.util.concurrent.ThreadPoolExecutor$Worker.run(Unknown Source)
at java.lang.Thread.run(Unknown Source)
... Removed 16 stack frames]]>
    </failure>
  </testcase> <!-- TestRunner -->
</testsuite> <!-- Test1 -->
