<?xml version="1.0" encoding="UTF-8"?>
<!-- Generated by org.testng.reporters.JUnitXMLReporter -->
<testsuite hostname="YORAM" ignored="0" name="Test" tests="1" failures="1" timestamp="31 Oct 2019 08:06:27 GMT" time="8.776" errors="0">
  <testcase name="TestRunner" time="8.749" classname="com.webdriver.framework.TestRunner">
    <failure type="org.openqa.selenium.SessionNotCreatedException" message="session not created: This version of ChromeDriver only supports Chrome version 76
Build info: version: &amp;apos;3.14.0&amp;apos;, revision: &amp;apos;aacccce0&amp;apos;, time: &amp;apos;2018-08-02T20:19:58.91Z&amp;apos;
System info: host: &amp;apos;YORAM&amp;apos;, ip: &amp;apos;10.0.3.100&amp;apos;, os.name: &amp;apos;Windows 7&amp;apos;, os.arch: &amp;apos;amd64&amp;apos;, os.version: &amp;apos;6.1&amp;apos;, java.version: &amp;apos;1.8.0_221&amp;apos;
Driver info: driver.version: ChromeDriver
remote stacktrace: Backtrace:
	Ordinal0 [0x00EE7C53+1473619]
	Ordinal0 [0x00E6AD71+961905]
	Ordinal0 [0x00DF42B3+475827]
	Ordinal0 [0x00D8F365+62309]
	Ordinal0 [0x00D8BC77+48247]
	Ordinal0 [0x00DA9149+168265]
	Ordinal0 [0x00DA8D1D+167197]
	Ordinal0 [0x00DA742B+160811]
	Ordinal0 [0x00D90AE6+68326]
	Ordinal0 [0x00D91BF0+72688]
	Ordinal0 [0x00D91B89+72585]
	Ordinal0 [0x00E84B37+1067831]
	GetHandleVerifier [0x00F86845+506677]
	GetHandleVerifier [0x00F865E0+506064]
	GetHandleVerifier [0x00F8D188+533624]
	GetHandleVerifier [0x00F8701A+508682]
	Ordinal0 [0x00E7C226+1032742]
	Ordinal0 [0x00E7C09F+1032351]
	Ordinal0 [0x00E86A4B+1075787]
	Ordinal0 [0x00E86BB3+1076147]
	Ordinal0 [0x00E85B65+1071973]
	BaseThreadInitThunk [0x7707343D+18]
	RtlInitializeExceptionChain [0x778E9802+99]
	RtlInitializeExceptionChain [0x778E97D5+54]
">
      <![CDATA[org.openqa.selenium.SessionNotCreatedException: session not created: This version of ChromeDriver only supports Chrome version 76
Build info: version: '3.14.0', revision: 'aacccce0', time: '2018-08-02T20:19:58.91Z'
System info: host: 'YORAM', ip: '10.0.3.100', os.name: 'Windows 7', os.arch: 'amd64', os.version: '6.1', java.version: '1.8.0_221'
Driver info: driver.version: ChromeDriver
remote stacktrace: Backtrace:
Ordinal0 [0x00EE7C53+1473619]
Ordinal0 [0x00E6AD71+961905]
Ordinal0 [0x00DF42B3+475827]
Ordinal0 [0x00D8F365+62309]
Ordinal0 [0x00D8BC77+48247]
Ordinal0 [0x00DA9149+168265]
Ordinal0 [0x00DA8D1D+167197]
Ordinal0 [0x00DA742B+160811]
Ordinal0 [0x00D90AE6+68326]
Ordinal0 [0x00D91BF0+72688]
Ordinal0 [0x00D91B89+72585]
Ordinal0 [0x00E84B37+1067831]
GetHandleVerifier [0x00F86845+506677]
GetHandleVerifier [0x00F865E0+506064]
GetHandleVerifier [0x00F8D188+533624]
GetHandleVerifier [0x00F8701A+508682]
Ordinal0 [0x00E7C226+1032742]
Ordinal0 [0x00E7C09F+1032351]
Ordinal0 [0x00E86A4B+1075787]
Ordinal0 [0x00E86BB3+1076147]
Ordinal0 [0x00E85B65+1071973]
BaseThreadInitThunk [0x7707343D+18]
RtlInitializeExceptionChain [0x778E9802+99]
RtlInitializeExceptionChain [0x778E97D5+54]

at org.openqa.selenium.remote.W3CHandshakeResponse.lambda$new$0(W3CHandshakeResponse.java:57)
at org.openqa.selenium.remote.W3CHandshakeResponse.lambda$getResponseFunction$2(W3CHandshakeResponse.java:104)
at org.openqa.selenium.remote.ProtocolHandshake.lambda$createSession$0(ProtocolHandshake.java:122)
at java.util.stream.ReferencePipeline$3$1.accept(Unknown Source)
at java.util.Spliterators$ArraySpliterator.tryAdvance(Unknown Source)
at java.util.stream.ReferencePipeline.forEachWithCancel(Unknown Source)
at java.util.stream.AbstractPipeline.copyIntoWithCancel(Unknown Source)
at java.util.stream.AbstractPipeline.copyInto(Unknown Source)
at java.util.stream.AbstractPipeline.wrapAndCopyInto(Unknown Source)
at java.util.stream.FindOps$FindOp.evaluateSequential(Unknown Source)
at java.util.stream.AbstractPipeline.evaluate(Unknown Source)
at java.util.stream.ReferencePipeline.findFirst(Unknown Source)
at org.openqa.selenium.remote.ProtocolHandshake.createSession(ProtocolHandshake.java:125)
at org.openqa.selenium.remote.ProtocolHandshake.createSession(ProtocolHandshake.java:73)
at org.openqa.selenium.remote.HttpCommandExecutor.execute(HttpCommandExecutor.java:136)
at org.openqa.selenium.remote.service.DriverCommandExecutor.execute(DriverCommandExecutor.java:83)
at org.openqa.selenium.remote.RemoteWebDriver.execute(RemoteWebDriver.java:548)
at org.openqa.selenium.remote.RemoteWebDriver.startSession(RemoteWebDriver.java:212)
at org.openqa.selenium.remote.RemoteWebDriver.<init>(RemoteWebDriver.java:130)
at org.openqa.selenium.chrome.ChromeDriver.<init>(ChromeDriver.java:181)
at org.openqa.selenium.chrome.ChromeDriver.<init>(ChromeDriver.java:168)
at org.openqa.selenium.chrome.ChromeDriver.<init>(ChromeDriver.java:123)
at com.patrick.testcases.funcA.execute(funcA.java:23)
at com.webdriver.framework.TestRunner.execute_Actions(TestRunner.java:81)
at com.webdriver.framework.TestRunner.TestRunner(TestRunner.java:53)
... Removed 29 stack frames]]>
    </failure>
  </testcase> <!-- TestRunner -->
</testsuite> <!-- Test -->
